<?xml version="1.0" encoding="UTF-8"?>
<!-- Generated by org.testng.reporters.JUnitReportReporter -->
<testsuite hostname="Anudeeps-MBP.grandenetworks.net" failures="0" tests="4" name="com.kobiton.testng.AndroidWebTest" time="15.623" errors="0" timestamp="2020-11-21T13:48:38 CST" skipped="0">
  <testcase classname="com.kobiton.testng.AndroidWebTest" name="testInvalidUsername" time="4.318"/>
  <testcase classname="com.kobiton.testng.AndroidWebTest" name="testInvalidPassword" time="4.216"/>
  <testcase classname="com.kobiton.testng.AndroidWebTest" name="testInvalidUserNameAndPassword" time="3.800"/>
  <testcase classname="com.kobiton.testng.AndroidWebTest" name="testLoginSuccessfully" time="3.289"/>
</testsuite> <!-- com.kobiton.testng.AndroidWebTest -->
