<?xml version="1.0" encoding="UTF-8"?>
<!-- Generated by org.testng.reporters.JUnitReportReporter -->
<testsuite hostname="Anudeeps-MBP.grandenetworks.net" failures="0" tests="3" name="com.kobiton.testng.AndroidAppTest" time="34.016" errors="1" timestamp="2020-11-21T13:34:16 CST" skipped="0">
  <testcase classname="com.kobiton.testng.AndroidAppTest" name="testSearchQuestionsOnAcuraSupportCommunity" time="12.971"/>
  <testcase classname="com.kobiton.testng.AndroidAppTest" name="testSearchIFixitOnHomeScreen" time="20.911"/>
  <testcase classname="com.kobiton.testng.AndroidAppTest" name="testMobileShell" time="0.134">
    <error message="An unknown error has occurred
Build info: version: &#039;3.12.0&#039;, revision: &#039;7c6e0b3&#039;, time: &#039;2018-05-08T14:04:26.12Z&#039;
System info: host: &#039;Anudeeps-MBP.grandenetworks.net&#039;, ip: &#039;fe80:0:0:0:1c60:d813:bc70:2994%en0&#039;, os.name: &#039;Mac OS X&#039;, os.arch: &#039;x86_64&#039;, os.version: &#039;10.15.6&#039;, java.version: &#039;13.0.2&#039;
Driver info: io.appium.java_client.android.AndroidDriver
Capabilities {app: /Users/kobiton/Library/Appl..., appActivity: com.dozuki.ifixit.ui.topic_..., appPackage: com.dozuki.ifixit, automationName: UIAutomator2, captureScreenshots: true, chromeDriverPort: 51186, chromeOptions: {w3c: false}, chromedriverChromeMappingFile: /Applications/Kobiton.app/C..., chromedriverExecutableDir: /Applications/Kobiton.app/C..., databaseEnabled: false, desired: {app: /Users/kobiton/Library/Appl..., appActivity: com.dozuki.ifixit.ui.topic_..., appPackage: com.dozuki.ifixit, automationName: UIAutomator2, captureScreenshots: true, chromeDriverPort: 51186, chromeOptions: {w3c: false}, chromedriverChromeMappingFile: /Applications/Kobiton.app/C..., chromedriverExecutableDir: /Applications/Kobiton.app/C..., deviceGroup: KOBITON, deviceName: Galaxy A50, deviceOrientation: portrait, fullReset: true, groupId: 297, noReset: false, orientation: PORTRAIT, platformName: Android, platformVersion: 9, sessionDescription: This is an example for Andr..., sessionName: Android app, udid: RR8MB011PCM}, deviceApiLevel: 28, deviceGroup: KOBITON, deviceManufacturer: samsung, deviceModel: SM-A505F, deviceName: RR8MB011PCM, deviceOrientation: portrait, deviceScreenDensity: 420, deviceScreenSize: 1080x2340, deviceUDID: RR8MB011PCM, fullReset: true, groupId: 297, javascriptEnabled: true, kobitonSessionId: 2029757, locationContextEnabled: false, networkConnectionEnabled: true, noReset: false, orientation: PORTRAIT, pixelRatio: 2.625, platform: LINUX, platformName: LINUX, platformVersion: 9, sessionDescription: This is an example for Andr..., sessionName: Android app, statBarHeight: 83, takesScreenshot: true, udid: RR8MB011PCM, versions: {appiumVersion: 1.17.1, nodeVersion: v10.11.0}, viewportRect: {height: 2048, left: 0, top: 83, width: 1080}, warnings: {}, webStorageEnabled: false}
Session ID: 27fb36f9-ed2c-411b-ace5-a8396216b7b6" type="org.openqa.selenium.WebDriverException">
      <![CDATA[org.openqa.selenium.WebDriverException: An unknown error has occurred
Build info: version: '3.12.0', revision: '7c6e0b3', time: '2018-05-08T14:04:26.12Z'
System info: host: 'Anudeeps-MBP.grandenetworks.net', ip: 'fe80:0:0:0:1c60:d813:bc70:2994%en0', os.name: 'Mac OS X', os.arch: 'x86_64', os.version: '10.15.6', java.version: '13.0.2'
Driver info: io.appium.java_client.android.AndroidDriver
Capabilities {app: /Users/kobiton/Library/Appl..., appActivity: com.dozuki.ifixit.ui.topic_..., appPackage: com.dozuki.ifixit, automationName: UIAutomator2, captureScreenshots: true, chromeDriverPort: 51186, chromeOptions: {w3c: false}, chromedriverChromeMappingFile: /Applications/Kobiton.app/C..., chromedriverExecutableDir: /Applications/Kobiton.app/C..., databaseEnabled: false, desired: {app: /Users/kobiton/Library/Appl..., appActivity: com.dozuki.ifixit.ui.topic_..., appPackage: com.dozuki.ifixit, automationName: UIAutomator2, captureScreenshots: true, chromeDriverPort: 51186, chromeOptions: {w3c: false}, chromedriverChromeMappingFile: /Applications/Kobiton.app/C..., chromedriverExecutableDir: /Applications/Kobiton.app/C..., deviceGroup: KOBITON, deviceName: Galaxy A50, deviceOrientation: portrait, fullReset: true, groupId: 297, noReset: false, orientation: PORTRAIT, platformName: Android, platformVersion: 9, sessionDescription: This is an example for Andr..., sessionName: Android app, udid: RR8MB011PCM}, deviceApiLevel: 28, deviceGroup: KOBITON, deviceManufacturer: samsung, deviceModel: SM-A505F, deviceName: RR8MB011PCM, deviceOrientation: portrait, deviceScreenDensity: 420, deviceScreenSize: 1080x2340, deviceUDID: RR8MB011PCM, fullReset: true, groupId: 297, javascriptEnabled: true, kobitonSessionId: 2029757, locationContextEnabled: false, networkConnectionEnabled: true, noReset: false, orientation: PORTRAIT, pixelRatio: 2.625, platform: LINUX, platformName: LINUX, platformVersion: 9, sessionDescription: This is an example for Andr..., sessionName: Android app, statBarHeight: 83, takesScreenshot: true, udid: RR8MB011PCM, versions: {appiumVersion: 1.17.1, nodeVersion: v10.11.0}, viewportRect: {height: 2048, left: 0, top: 83, width: 1080}, warnings: {}, webStorageEnabled: false}
Session ID: 27fb36f9-ed2c-411b-ace5-a8396216b7b6
at java.base/jdk.internal.reflect.NativeConstructorAccessorImpl.newInstance0(Native Method)
at java.base/jdk.internal.reflect.NativeConstructorAccessorImpl.newInstance(NativeConstructorAccessorImpl.java:62)
at java.base/jdk.internal.reflect.DelegatingConstructorAccessorImpl.newInstance(DelegatingConstructorAccessorImpl.java:45)
at java.base/java.lang.reflect.Constructor.newInstanceWithCaller(Constructor.java:500)
at java.base/java.lang.reflect.Constructor.newInstance(Constructor.java:481)
at org.openqa.selenium.remote.http.W3CHttpResponseCodec.createException(W3CHttpResponseCodec.java:187)
at org.openqa.selenium.remote.http.W3CHttpResponseCodec.decode(W3CHttpResponseCodec.java:122)
at org.openqa.selenium.remote.http.W3CHttpResponseCodec.decode(W3CHttpResponseCodec.java:49)
at org.openqa.selenium.remote.HttpCommandExecutor.execute(HttpCommandExecutor.java:158)
at io.appium.java_client.remote.AppiumCommandExecutor.execute(AppiumCommandExecutor.java:218)
at org.openqa.selenium.remote.RemoteWebDriver.execute(RemoteWebDriver.java:543)
at io.appium.java_client.DefaultGenericMobileDriver.execute(DefaultGenericMobileDriver.java:42)
at io.appium.java_client.AppiumDriver.execute(AppiumDriver.java:1)
at io.appium.java_client.android.AndroidDriver.execute(AndroidDriver.java:1)
at org.openqa.selenium.remote.RemoteWebDriver.executeScript(RemoteWebDriver.java:480)
at com.kobiton.testng.AndroidAppTest.testMobileShell(AndroidAppTest.java:138)
at java.base/jdk.internal.reflect.NativeMethodAccessorImpl.invoke0(Native Method)
at java.base/jdk.internal.reflect.NativeMethodAccessorImpl.invoke(NativeMethodAccessorImpl.java:62)
at java.base/jdk.internal.reflect.DelegatingMethodAccessorImpl.invoke(DelegatingMethodAccessorImpl.java:43)
at java.base/java.lang.reflect.Method.invoke(Method.java:567)
at org.testng.internal.MethodInvocationHelper.invokeMethod(MethodInvocationHelper.java:133)
at org.testng.internal.TestInvoker.invokeMethod(TestInvoker.java:584)
at org.testng.internal.TestInvoker.invokeTestMethod(TestInvoker.java:172)
at org.testng.internal.MethodRunner.runInSequence(MethodRunner.java:46)
at org.testng.internal.TestInvoker$MethodInvocationAgent.invoke(TestInvoker.java:804)
at org.testng.internal.TestInvoker.invokeTestMethods(TestInvoker.java:145)
at org.testng.internal.TestMethodWorker.invokeTestMethods(TestMethodWorker.java:146)
at org.testng.internal.TestMethodWorker.run(TestMethodWorker.java:128)
at java.base/java.util.ArrayList.forEach(ArrayList.java:1507)
at org.testng.TestRunner.privateRun(TestRunner.java:770)
at org.testng.TestRunner.run(TestRunner.java:591)
at org.testng.SuiteRunner.runTest(SuiteRunner.java:402)
at org.testng.SuiteRunner.runSequentially(SuiteRunner.java:396)
at org.testng.SuiteRunner.privateRun(SuiteRunner.java:355)
at org.testng.SuiteRunner.run(SuiteRunner.java:304)
at org.testng.SuiteRunnerWorker.runSuite(SuiteRunnerWorker.java:53)
at org.testng.SuiteRunnerWorker.run(SuiteRunnerWorker.java:96)
at org.testng.TestNG.runSuitesSequentially(TestNG.java:1180)
at org.testng.TestNG.runSuitesLocally(TestNG.java:1102)
at org.testng.TestNG.runSuites(TestNG.java:1032)
at org.testng.TestNG.run(TestNG.java:1000)
at org.testng.remote.AbstractRemoteTestNG.run(AbstractRemoteTestNG.java:115)
at org.testng.remote.RemoteTestNG.initAndRun(RemoteTestNG.java:251)
at org.testng.remote.RemoteTestNG.main(RemoteTestNG.java:77)
]]>
    </error>
  </testcase> <!-- testMobileShell -->
</testsuite> <!-- com.kobiton.testng.AndroidAppTest -->
